current directory: /test/gems/http_parser.rb-0.8.0/ext/ruby_http_parser
/usr/local/bin/ruby -I /usr/local/lib/ruby/3.1.0 -r ./siteconf20221109-8-u1f0q5.rb extconf.rb
creating Makefile

current directory: /test/gems/http_parser.rb-0.8.0/ext/ruby_http_parser
make DESTDIR\= clean

current directory: /test/gems/http_parser.rb-0.8.0/ext/ruby_http_parser
make DESTDIR\=
compiling ruby_http_parser.c
ruby_http_parser.c: In function ‘Parser_execute’:
ruby_http_parser.c:365:17: warning: comparison of integer expressions of different signedness: ‘size_t’ {aka ‘long unsigned int’} and ‘long int’ [-Wsign-compare]
  365 |     if (nparsed < len)
      |                 ^
ruby_http_parser.c: At top level:
cc1: note: unrecognized command-line option ‘-Wno-self-assign’ may have been intended to silence earlier diagnostics
cc1: note: unrecognized command-line option ‘-Wno-parentheses-equality’ may have been intended to silence earlier diagnostics
cc1: note: unrecognized command-line option ‘-Wno-constant-logical-operand’ may have been intended to silence earlier diagnostics
compiling ryah_http_parser.c
linking shared-object ruby_http_parser.so

current directory: /test/gems/http_parser.rb-0.8.0/ext/ruby_http_parser
make DESTDIR\= install
/usr/bin/install -c -m 0755 ruby_http_parser.so ./.gem.20221109-8-j0gj59
